[2023-05-11T13:54:15.541018+00:00] main.CRITICAL: Elasticsearch\Common\Exceptions\BadRequest400Exception: {"error":"no handler found for uri [/magento2_product_1_v2/document/_bulk?refresh=true] and method [POST]"} in C:\xampp\htdocs\widget\vendor\elasticsearch\elasticsearch\src\Elasticsearch\Connections\Connection.php:693
Stack trace:
#0 C:\xampp\htdocs\widget\vendor\elasticsearch\elasticsearch\src\Elasticsearch\Connections\Connection.php(333): Elasticsearch\Connections\Connection->process4xxError(Array, Array, Array)
#1 C:\xampp\htdocs\widget\vendor\react\promise\src\FulfilledPromise.php(28): Elasticsearch\Connections\Connection->Elasticsearch\Connections\{closure}(Array)
#2 C:\xampp\htdocs\widget\vendor\ezimuel\ringphp\src\Future\CompletedFutureValue.php(65): React\Promise\FulfilledPromise->then(Object(Closure), NULL, NULL)
#3 C:\xampp\htdocs\widget\vendor\ezimuel\ringphp\src\Core.php(341): GuzzleHttp\Ring\Future\CompletedFutureValue->then(Object(Closure), NULL, NULL)
#4 C:\xampp\htdocs\widget\vendor\elasticsearch\elasticsearch\src\Elasticsearch\Connections\Connection.php(264): GuzzleHttp\Ring\Core::proxy(Object(GuzzleHttp\Ring\Future\CompletedFutureArray), Object(Closure))
#5 C:\xampp\htdocs\widget\vendor\elasticsearch\elasticsearch\src\Elasticsearch\Connections\Connection.php(241): Elasticsearch\Connections\Connection->Elasticsearch\Connections\{closure}(Array, Object(Elasticsearch\Connections\Connection), Object(Elasticsearch\Transport), Array)
#6 C:\xampp\htdocs\widget\vendor\elasticsearch\elasticsearch\src\Elasticsearch\Transport.php(109): Elasticsearch\Connections\Connection->performRequest('POST', '/magento2_produ...', Array, '{"delete":{"_id...', Array, Object(Elasticsearch\Transport))
#7 C:\xampp\htdocs\widget\vendor\elasticsearch\elasticsearch\src\Elasticsearch\Client.php(1924): Elasticsearch\Transport->performRequest('POST', '/magento2_produ...', Array, '{"delete":{"_id...', Array)
#8 C:\xampp\htdocs\widget\vendor\elasticsearch\elasticsearch\src\Elasticsearch\Client.php(347): Elasticsearch\Client->performRequest(Object(Elasticsearch\Endpoints\Bulk))
#9 C:\xampp\htdocs\widget\vendor\magento\module-elasticsearch-7\Model\Client\Elasticsearch.php(173): Elasticsearch\Client->bulk(Array)
#10 C:\xampp\htdocs\widget\vendor\magento\module-elasticsearch\Model\Adapter\Elasticsearch.php(312): Magento\Elasticsearch7\Model\Client\Elasticsearch->bulkQuery(Array)
#11 C:\xampp\htdocs\widget\vendor\magento\module-elasticsearch\Model\Indexer\IndexerHandler.php(186): Magento\Elasticsearch\Model\Adapter\Elasticsearch->deleteDocs(Array, '1', 'product')
#12 C:\xampp\htdocs\widget\vendor\magento\module-catalog-search\Model\Indexer\Fulltext.php(220): Magento\Elasticsearch\Model\Indexer\IndexerHandler->deleteIndex(Array, Object(ArrayIterator))
#13 C:\xampp\htdocs\widget\vendor\magento\module-catalog-search\Model\Indexer\Fulltext.php(198): Magento\CatalogSearch\Model\Indexer\Fulltext->processBatch(Object(Magento\Elasticsearch\Model\Indexer\IndexerHandler), Array, Array)
#14 C:\xampp\htdocs\widget\generated\code\Magento\CatalogSearch\Model\Indexer\Fulltext\Interceptor.php(32): Magento\CatalogSearch\Model\Indexer\Fulltext->executeByDimensions(Array, Array)
#15 C:\xampp\htdocs\widget\vendor\magento\module-catalog-search\Model\Indexer\Fulltext.php(152): Magento\CatalogSearch\Model\Indexer\Fulltext\Interceptor->executeByDimensions(Array, Object(ArrayIterator))
#16 C:\xampp\htdocs\widget\generated\code\Magento\CatalogSearch\Model\Indexer\Fulltext\Interceptor.php(23): Magento\CatalogSearch\Model\Indexer\Fulltext->execute(Array)
#17 C:\xampp\htdocs\widget\vendor\magento\module-catalog-search\Model\Indexer\Fulltext.php(250): Magento\CatalogSearch\Model\Indexer\Fulltext\Interceptor->execute(Array)
#18 C:\xampp\htdocs\widget\vendor\magento\framework\Interception\Interceptor.php(58): Magento\CatalogSearch\Model\Indexer\Fulltext->executeList(Array)
#19 C:\xampp\htdocs\widget\vendor\magento\framework\Interception\Interceptor.php(138): Magento\CatalogSearch\Model\Indexer\Fulltext\Interceptor->___callParent('executeList', Array)
#20 C:\xampp\htdocs\widget\vendor\magento\framework\Interception\Interceptor.php(153): Magento\CatalogSearch\Model\Indexer\Fulltext\Interceptor->Magento\Framework\Interception\{closure}(Array)
#21 C:\xampp\htdocs\widget\generated\code\Magento\CatalogSearch\Model\Indexer\Fulltext\Interceptor.php(50): Magento\CatalogSearch\Model\Indexer\Fulltext\Interceptor->___callPlugins('executeList', Array, Array)
#22 C:\xampp\htdocs\widget\vendor\magento\module-indexer\Model\Indexer.php(533): Magento\CatalogSearch\Model\Indexer\Fulltext\Interceptor->executeList(Array)
#23 C:\xampp\htdocs\widget\vendor\magento\module-indexer\Model\Indexer\DependencyDecorator.php(294): Magento\Indexer\Model\Indexer->reindexList(Array)
#24 C:\xampp\htdocs\widget\vendor\magento\module-indexer\Model\Indexer\DependencyDecorator.php(299): Magento\Indexer\Model\Indexer\DependencyDecorator->reindexList(Array)
#25 C:\xampp\htdocs\widget\vendor\magento\module-catalog\Model\Category.php(1144): Magento\Indexer\Model\Indexer\DependencyDecorator->reindexList(Array)
#26 C:\xampp\htdocs\widget\generated\code\Magento\Catalog\Model\Category\Interceptor.php(428): Magento\Catalog\Model\Category->reindex()
#27 [internal function]: Magento\Catalog\Model\Category\Interceptor->reindex()
#28 C:\xampp\htdocs\widget\vendor\magento\framework\Model\ExecuteCommitCallbacks.php(44): call_user_func(Array)
#29 C:\xampp\htdocs\widget\vendor\magento\framework\Interception\Interceptor.php(146): Magento\Framework\Model\ExecuteCommitCallbacks->afterCommit(Object(Magento\Framework\DB\Adapter\Pdo\Mysql\Interceptor), Object(Magento\Framework\DB\Adapter\Pdo\Mysql\Interceptor))
#30 C:\xampp\htdocs\widget\vendor\magento\framework\Interception\Interceptor.php(153): Magento\Framework\DB\Adapter\Pdo\Mysql\Interceptor->Magento\Framework\Interception\{closure}()
#31 C:\xampp\htdocs\widget\generated\code\Magento\Framework\DB\Adapter\Pdo\Mysql\Interceptor.php(32): Magento\Framework\DB\Adapter\Pdo\Mysql\Interceptor->___callPlugins('commit', Array, Array)
#32 C:\xampp\htdocs\widget\vendor\magento\framework\Setup\Patch\PatchApplier.php(169): Magento\Framework\DB\Adapter\Pdo\Mysql\Interceptor->commit()
#33 C:\xampp\htdocs\widget\setup\src\Magento\Setup\Model\Installer.php(1097): Magento\Framework\Setup\Patch\PatchApplier->applyDataPatch('Magento_Catalog')
#34 C:\xampp\htdocs\widget\setup\src\Magento\Setup\Model\Installer.php(963): Magento\Setup\Model\Installer->handleDBSchemaData(Object(Magento\Setup\Module\DataSetup), 'data', Array)
#35 [internal function]: Magento\Setup\Model\Installer->installDataFixtures(Array)
#36 C:\xampp\htdocs\widget\setup\src\Magento\Setup\Model\Installer.php(388): call_user_func_array(Array, Array)
#37 C:\xampp\htdocs\widget\setup\src\Magento\Setup\Console\Command\InstallCommand.php(237): Magento\Setup\Model\Installer->install(Array)
#38 C:\xampp\htdocs\widget\vendor\symfony\console\Command\Command.php(298): Magento\Setup\Console\Command\InstallCommand->execute(Object(Symfony\Component\Console\Input\ArgvInput), Object(Symfony\Component\Console\Output\ConsoleOutput))
#39 C:\xampp\htdocs\widget\vendor\symfony\console\Application.php(1040): Symfony\Component\Console\Command\Command->run(Object(Symfony\Component\Console\Input\ArgvInput), Object(Symfony\Component\Console\Output\ConsoleOutput))
#40 C:\xampp\htdocs\widget\vendor\symfony\console\Application.php(301): Symfony\Component\Console\Application->doRunCommand(Object(Magento\Setup\Console\Command\InstallCommand), Object(Symfony\Component\Console\Input\ArgvInput), Object(Symfony\Component\Console\Output\ConsoleOutput))
#41 C:\xampp\htdocs\widget\vendor\magento\framework\Console\Cli.php(116): Symfony\Component\Console\Application->doRun(Object(Symfony\Component\Console\Input\ArgvInput), Object(Symfony\Component\Console\Output\ConsoleOutput))
#42 C:\xampp\htdocs\widget\vendor\symfony\console\Application.php(171): Magento\Framework\Console\Cli->doRun(Object(Symfony\Component\Console\Input\ArgvInput), Object(Symfony\Component\Console\Output\ConsoleOutput))
#43 C:\xampp\htdocs\widget\bin\magento(23): Symfony\Component\Console\Application->run()
#44 {main} {"exception":"[object] (Elasticsearch\\Common\\Exceptions\\BadRequest400Exception(code: 400): {\"error\":\"no handler found for uri [/magento2_product_1_v2/document/_bulk?refresh=true] and method [POST]\"} at C:\\xampp\\htdocs\\widget\\vendor\\elasticsearch\\elasticsearch\\src\\Elasticsearch\\Connections\\Connection.php:693)"} []
[2023-05-11T13:54:15.545346+00:00] main.CRITICAL: Elasticsearch\Common\Exceptions\BadRequest400Exception: {"error":"no handler found for uri [/magento2_product_1_v2/document/_bulk?refresh=true] and method [POST]"} in C:\xampp\htdocs\widget\vendor\elasticsearch\elasticsearch\src\Elasticsearch\Connections\Connection.php:693
Stack trace:
#0 C:\xampp\htdocs\widget\vendor\elasticsearch\elasticsearch\src\Elasticsearch\Connections\Connection.php(333): Elasticsearch\Connections\Connection->process4xxError(Array, Array, Array)
#1 C:\xampp\htdocs\widget\vendor\react\promise\src\FulfilledPromise.php(28): Elasticsearch\Connections\Connection->Elasticsearch\Connections\{closure}(Array)
#2 C:\xampp\htdocs\widget\vendor\ezimuel\ringphp\src\Future\CompletedFutureValue.php(65): React\Promise\FulfilledPromise->then(Object(Closure), NULL, NULL)
#3 C:\xampp\htdocs\widget\vendor\ezimuel\ringphp\src\Core.php(341): GuzzleHttp\Ring\Future\CompletedFutureValue->then(Object(Closure), NULL, NULL)
#4 C:\xampp\htdocs\widget\vendor\elasticsearch\elasticsearch\src\Elasticsearch\Connections\Connection.php(264): GuzzleHttp\Ring\Core::proxy(Object(GuzzleHttp\Ring\Future\CompletedFutureArray), Object(Closure))
#5 C:\xampp\htdocs\widget\vendor\elasticsearch\elasticsearch\src\Elasticsearch\Connections\Connection.php(241): Elasticsearch\Connections\Connection->Elasticsearch\Connections\{closure}(Array, Object(Elasticsearch\Connections\Connection), Object(Elasticsearch\Transport), Array)
#6 C:\xampp\htdocs\widget\vendor\elasticsearch\elasticsearch\src\Elasticsearch\Transport.php(109): Elasticsearch\Connections\Connection->performRequest('POST', '/magento2_produ...', Array, '{"delete":{"_id...', Array, Object(Elasticsearch\Transport))
#7 C:\xampp\htdocs\widget\vendor\elasticsearch\elasticsearch\src\Elasticsearch\Client.php(1924): Elasticsearch\Transport->performRequest('POST', '/magento2_produ...', Array, '{"delete":{"_id...', Array)
#8 C:\xampp\htdocs\widget\vendor\elasticsearch\elasticsearch\src\Elasticsearch\Client.php(347): Elasticsearch\Client->performRequest(Object(Elasticsearch\Endpoints\Bulk))
#9 C:\xampp\htdocs\widget\vendor\magento\module-elasticsearch-7\Model\Client\Elasticsearch.php(173): Elasticsearch\Client->bulk(Array)
#10 C:\xampp\htdocs\widget\vendor\magento\module-elasticsearch\Model\Adapter\Elasticsearch.php(312): Magento\Elasticsearch7\Model\Client\Elasticsearch->bulkQuery(Array)
#11 C:\xampp\htdocs\widget\vendor\magento\module-elasticsearch\Model\Indexer\IndexerHandler.php(186): Magento\Elasticsearch\Model\Adapter\Elasticsearch->deleteDocs(Array, '1', 'product')
#12 C:\xampp\htdocs\widget\vendor\magento\module-catalog-search\Model\Indexer\Fulltext.php(220): Magento\Elasticsearch\Model\Indexer\IndexerHandler->deleteIndex(Array, Object(ArrayIterator))
#13 C:\xampp\htdocs\widget\vendor\magento\module-catalog-search\Model\Indexer\Fulltext.php(198): Magento\CatalogSearch\Model\Indexer\Fulltext->processBatch(Object(Magento\Elasticsearch\Model\Indexer\IndexerHandler), Array, Array)
#14 C:\xampp\htdocs\widget\generated\code\Magento\CatalogSearch\Model\Indexer\Fulltext\Interceptor.php(32): Magento\CatalogSearch\Model\Indexer\Fulltext->executeByDimensions(Array, Array)
#15 C:\xampp\htdocs\widget\vendor\magento\module-catalog-search\Model\Indexer\Fulltext.php(152): Magento\CatalogSearch\Model\Indexer\Fulltext\Interceptor->executeByDimensions(Array, Object(ArrayIterator))
#16 C:\xampp\htdocs\widget\generated\code\Magento\CatalogSearch\Model\Indexer\Fulltext\Interceptor.php(23): Magento\CatalogSearch\Model\Indexer\Fulltext->execute(Array)
#17 C:\xampp\htdocs\widget\vendor\magento\module-catalog-search\Model\Indexer\Fulltext.php(250): Magento\CatalogSearch\Model\Indexer\Fulltext\Interceptor->execute(Array)
#18 C:\xampp\htdocs\widget\vendor\magento\framework\Interception\Interceptor.php(58): Magento\CatalogSearch\Model\Indexer\Fulltext->executeList(Array)
#19 C:\xampp\htdocs\widget\vendor\magento\framework\Interception\Interceptor.php(138): Magento\CatalogSearch\Model\Indexer\Fulltext\Interceptor->___callParent('executeList', Array)
#20 C:\xampp\htdocs\widget\vendor\magento\framework\Interception\Interceptor.php(153): Magento\CatalogSearch\Model\Indexer\Fulltext\Interceptor->Magento\Framework\Interception\{closure}(Array)
#21 C:\xampp\htdocs\widget\generated\code\Magento\CatalogSearch\Model\Indexer\Fulltext\Interceptor.php(50): Magento\CatalogSearch\Model\Indexer\Fulltext\Interceptor->___callPlugins('executeList', Array, Array)
#22 C:\xampp\htdocs\widget\vendor\magento\module-indexer\Model\Indexer.php(533): Magento\CatalogSearch\Model\Indexer\Fulltext\Interceptor->executeList(Array)
#23 C:\xampp\htdocs\widget\vendor\magento\module-indexer\Model\Indexer\DependencyDecorator.php(294): Magento\Indexer\Model\Indexer->reindexList(Array)
#24 C:\xampp\htdocs\widget\vendor\magento\module-indexer\Model\Indexer\DependencyDecorator.php(299): Magento\Indexer\Model\Indexer\DependencyDecorator->reindexList(Array)
#25 C:\xampp\htdocs\widget\vendor\magento\module-catalog\Model\Category.php(1144): Magento\Indexer\Model\Indexer\DependencyDecorator->reindexList(Array)
#26 C:\xampp\htdocs\widget\generated\code\Magento\Catalog\Model\Category\Interceptor.php(428): Magento\Catalog\Model\Category->reindex()
#27 [internal function]: Magento\Catalog\Model\Category\Interceptor->reindex()
#28 C:\xampp\htdocs\widget\vendor\magento\framework\Model\ExecuteCommitCallbacks.php(44): call_user_func(Array)
#29 C:\xampp\htdocs\widget\vendor\magento\framework\Interception\Interceptor.php(146): Magento\Framework\Model\ExecuteCommitCallbacks->afterCommit(Object(Magento\Framework\DB\Adapter\Pdo\Mysql\Interceptor), Object(Magento\Framework\DB\Adapter\Pdo\Mysql\Interceptor))
#30 C:\xampp\htdocs\widget\vendor\magento\framework\Interception\Interceptor.php(153): Magento\Framework\DB\Adapter\Pdo\Mysql\Interceptor->Magento\Framework\Interception\{closure}()
#31 C:\xampp\htdocs\widget\generated\code\Magento\Framework\DB\Adapter\Pdo\Mysql\Interceptor.php(32): Magento\Framework\DB\Adapter\Pdo\Mysql\Interceptor->___callPlugins('commit', Array, Array)
#32 C:\xampp\htdocs\widget\vendor\magento\framework\Setup\Patch\PatchApplier.php(169): Magento\Framework\DB\Adapter\Pdo\Mysql\Interceptor->commit()
#33 C:\xampp\htdocs\widget\setup\src\Magento\Setup\Model\Installer.php(1097): Magento\Framework\Setup\Patch\PatchApplier->applyDataPatch('Magento_Catalog')
#34 C:\xampp\htdocs\widget\setup\src\Magento\Setup\Model\Installer.php(963): Magento\Setup\Model\Installer->handleDBSchemaData(Object(Magento\Setup\Module\DataSetup), 'data', Array)
#35 [internal function]: Magento\Setup\Model\Installer->installDataFixtures(Array)
#36 C:\xampp\htdocs\widget\setup\src\Magento\Setup\Model\Installer.php(388): call_user_func_array(Array, Array)
#37 C:\xampp\htdocs\widget\setup\src\Magento\Setup\Console\Command\InstallCommand.php(237): Magento\Setup\Model\Installer->install(Array)
#38 C:\xampp\htdocs\widget\vendor\symfony\console\Command\Command.php(298): Magento\Setup\Console\Command\InstallCommand->execute(Object(Symfony\Component\Console\Input\ArgvInput), Object(Symfony\Component\Console\Output\ConsoleOutput))
#39 C:\xampp\htdocs\widget\vendor\symfony\console\Application.php(1040): Symfony\Component\Console\Command\Command->run(Object(Symfony\Component\Console\Input\ArgvInput), Object(Symfony\Component\Console\Output\ConsoleOutput))
#40 C:\xampp\htdocs\widget\vendor\symfony\console\Application.php(301): Symfony\Component\Console\Application->doRunCommand(Object(Magento\Setup\Console\Command\InstallCommand), Object(Symfony\Component\Console\Input\ArgvInput), Object(Symfony\Component\Console\Output\ConsoleOutput))
#41 C:\xampp\htdocs\widget\vendor\magento\framework\Console\Cli.php(116): Symfony\Component\Console\Application->doRun(Object(Symfony\Component\Console\Input\ArgvInput), Object(Symfony\Component\Console\Output\ConsoleOutput))
#42 C:\xampp\htdocs\widget\vendor\symfony\console\Application.php(171): Magento\Framework\Console\Cli->doRun(Object(Symfony\Component\Console\Input\ArgvInput), Object(Symfony\Component\Console\Output\ConsoleOutput))
#43 C:\xampp\htdocs\widget\bin\magento(23): Symfony\Component\Console\Application->run()
#44 {main} {"exception":"[object] (Elasticsearch\\Common\\Exceptions\\BadRequest400Exception(code: 400): {\"error\":\"no handler found for uri [/magento2_product_1_v2/document/_bulk?refresh=true] and method [POST]\"} at C:\\xampp\\htdocs\\widget\\vendor\\elasticsearch\\elasticsearch\\src\\Elasticsearch\\Connections\\Connection.php:693)"} []
