[2023-05-11T13:48:43.722307+00:00] main.ERROR: Unable to apply data patch Magento\Theme\Setup\Patch\Data\RegisterThemes for module Magento_Theme. Original exception message: Wrong file
#0 C:\xampp\htdocs\widget\setup\src\Magento\Setup\Model\Installer.php(1097): Magento\Framework\Setup\Patch\PatchApplier->applyDataPatch('Magento_Theme')
#1 C:\xampp\htdocs\widget\setup\src\Magento\Setup\Model\Installer.php(963): Magento\Setup\Model\Installer->handleDBSchemaData(Object(Magento\Setup\Module\DataSetup), 'data', Array)
#2 [internal function]: Magento\Setup\Model\Installer->installDataFixtures(Array)
#3 C:\xampp\htdocs\widget\setup\src\Magento\Setup\Model\Installer.php(388): call_user_func_array(Array, Array)
#4 C:\xampp\htdocs\widget\setup\src\Magento\Setup\Console\Command\InstallCommand.php(237): Magento\Setup\Model\Installer->install(Array)
#5 C:\xampp\htdocs\widget\vendor\symfony\console\Command\Command.php(298): Magento\Setup\Console\Command\InstallCommand->execute(Object(Symfony\Component\Console\Input\ArgvInput), Object(Symfony\Component\Console\Output\ConsoleOutput))
#6 C:\xampp\htdocs\widget\vendor\symfony\console\Application.php(1040): Symfony\Component\Console\Command\Command->run(Object(Symfony\Component\Console\Input\ArgvInput), Object(Symfony\Component\Console\Output\ConsoleOutput))
#7 C:\xampp\htdocs\widget\vendor\symfony\console\Application.php(301): Symfony\Component\Console\Application->doRunCommand(Object(Magento\Setup\Console\Command\InstallCommand), Object(Symfony\Component\Console\Input\ArgvInput), Object(Symfony\Component\Console\Output\ConsoleOutput))
#8 C:\xampp\htdocs\widget\vendor\magento\framework\Console\Cli.php(116): Symfony\Component\Console\Application->doRun(Object(Symfony\Component\Console\Input\ArgvInput), Object(Symfony\Component\Console\Output\ConsoleOutput))
#9 C:\xampp\htdocs\widget\vendor\symfony\console\Application.php(171): Magento\Framework\Console\Cli->doRun(Object(Symfony\Component\Console\Input\ArgvInput), Object(Symfony\Component\Console\Output\ConsoleOutput))
#10 C:\xampp\htdocs\widget\bin\magento(23): Symfony\Component\Console\Application->run()
#11 {main} [] []
[2023-05-11T13:55:43.587396+00:00] main.CRITICAL: Invalid template file: 'C:/xampp/htdocs/widget/vendor/magento/module-theme/view/frontend/templates/page/js/require_js.phtml' in module: '' block's name: 'require.js' [] []
[2023-05-11T13:55:43.609651+00:00] main.CRITICAL: Invalid template file: 'C:/xampp/htdocs/widget/vendor/magento/module-theme/view/frontend/templates/page/js/require_js.phtml' in module: '' block's name: 'require.js' [] []
[2023-05-11T13:55:43.691685+00:00] main.CRITICAL: Invalid template file: 'C:/xampp/htdocs/widget/vendor/magento/module-theme/view/frontend/templates/html/container.phtml' in module: '' block's name: 'head.additional' [] []
[2023-05-11T13:55:43.691762+00:00] main.CRITICAL: Invalid template file: 'C:/xampp/htdocs/widget/vendor/magento/module-theme/view/frontend/templates/html/container.phtml' in module: '' block's name: 'head.additional' [] []
[2023-05-11T13:55:43.691768+00:00] main.CRITICAL: Invalid template file: 'C:/xampp/htdocs/widget/vendor/magento/module-theme/view/frontend/templates/html/container.phtml' in module: '' block's name: 'head.additional' [] []
[2023-05-11T13:55:43.760663+00:00] main.CRITICAL: Invalid template file: 'C:/xampp/htdocs/widget/vendor/magento/module-catalog/view/base/templates/js/components.phtml' in module: '' block's name: 'head.components' [] []
[2023-05-11T13:55:43.761243+00:00] main.CRITICAL: Invalid template file: 'C:/xampp/htdocs/widget/vendor/magento/module-catalog/view/base/templates/js/components.phtml' in module: '' block's name: 'head.components' [] []
[2023-05-11T13:55:43.767829+00:00] main.CRITICAL: Invalid template file: 'C:/xampp/htdocs/widget/vendor/magento/module-theme/view/frontend/templates/js/cookie_status.phtml' in module: '' block's name: 'cookie-status-check' [] []
[2023-05-11T13:55:43.767938+00:00] main.CRITICAL: Invalid template file: 'C:/xampp/htdocs/widget/vendor/magento/module-theme/view/frontend/templates/js/cookie_status.phtml' in module: '' block's name: 'cookie-status-check' [] []
[2023-05-11T13:55:43.777821+00:00] main.CRITICAL: Invalid template file: 'C:/xampp/htdocs/widget/vendor/magento/module-theme/view/frontend/templates/js/cookie.phtml' in module: '' block's name: 'js_cookies' [] []
[2023-05-11T13:55:43.778309+00:00] main.CRITICAL: Invalid template file: 'C:/xampp/htdocs/widget/vendor/magento/module-theme/view/frontend/templates/js/cookie.phtml' in module: '' block's name: 'js_cookies' [] []
[2023-05-11T13:55:43.779259+00:00] main.CRITICAL: Invalid template file: 'C:/xampp/htdocs/widget/vendor/magento/module-theme/view/frontend/templates/js/cookie.phtml' in module: '' block's name: 'js_cookies' [] []
[2023-05-11T13:55:43.784156+00:00] main.CRITICAL: Invalid template file: 'C:/xampp/htdocs/widget/vendor/magento/module-theme/view/frontend/templates/html/notices.phtml' in module: 'Magento_Theme' block's name: 'global_notices' [] []
[2023-05-11T13:55:43.790466+00:00] main.CRITICAL: Invalid template file: 'C:/xampp/htdocs/widget/vendor/magento/module-theme/view/frontend/templates/html/notices.phtml' in module: 'Magento_Theme' block's name: 'global_notices' [] []
[2023-05-11T13:55:43.794684+00:00] main.CRITICAL: Invalid template file: 'C:/xampp/htdocs/widget/vendor/magento/module-cookie/view/frontend/templates/html/notices.phtml' in module: 'Magento_Cookie' block's name: 'cookie_notices' [] []
[2023-05-11T13:55:43.794768+00:00] main.CRITICAL: Invalid template file: 'C:/xampp/htdocs/widget/vendor/magento/module-cookie/view/frontend/templates/html/notices.phtml' in module: 'Magento_Cookie' block's name: 'cookie_notices' [] []
[2023-05-11T13:55:43.797472+00:00] main.CRITICAL: Invalid template file: 'C:/xampp/htdocs/widget/vendor/magento/module-cookie/view/frontend/templates/html/notices.phtml' in module: 'Magento_Cookie' block's name: 'cookie_notices' [] []
[2023-05-11T13:55:43.800513+00:00] main.CRITICAL: Invalid template file: 'C:/xampp/htdocs/widget/vendor/magento/module-cookie/view/base/templates/html/cookie.phtml' in module: '' block's name: 'cookie_config' [] []
[2023-05-11T13:55:43.800722+00:00] main.CRITICAL: Invalid template file: 'C:/xampp/htdocs/widget/vendor/magento/module-cookie/view/base/templates/html/cookie.phtml' in module: '' block's name: 'cookie_config' [] []
[2023-05-11T13:55:43.805152+00:00] main.CRITICAL: Invalid template file: 'C:/xampp/htdocs/widget/vendor/magento/module-cookie/view/base/templates/html/cookie.phtml' in module: '' block's name: 'cookie_config' [] []
[2023-05-11T13:55:43.808581+00:00] main.CRITICAL: Invalid template file: 'C:/xampp/htdocs/widget/vendor/magento/module-ui/view/base/templates/logger.phtml' in module: 'Magento_Ui' block's name: 'logger' [] []
[2023-05-11T13:55:43.809803+00:00] main.CRITICAL: Invalid template file: 'C:/xampp/htdocs/widget/vendor/magento/module-ui/view/base/templates/logger.phtml' in module: 'Magento_Ui' block's name: 'logger' [] []
[2023-05-11T13:55:43.811365+00:00] main.CRITICAL: Invalid template file: 'C:/xampp/htdocs/widget/vendor/magento/module-ui/view/base/templates/logger.phtml' in module: 'Magento_Ui' block's name: 'logger' [] []
[2023-05-11T13:55:43.813087+00:00] main.CRITICAL: Invalid template file: 'C:/xampp/htdocs/widget/vendor/magento/module-ui/view/base/templates/wysiwyg/active_editor.phtml' in module: 'Magento_Ui' block's name: 'theme.active.editor' [] []
[2023-05-11T13:55:43.815416+00:00] main.CRITICAL: Invalid template file: 'C:/xampp/htdocs/widget/vendor/magento/module-ui/view/base/templates/wysiwyg/active_editor.phtml' in module: 'Magento_Ui' block's name: 'theme.active.editor' [] []
[2023-05-11T13:55:43.816520+00:00] main.CRITICAL: Invalid template file: 'C:/xampp/htdocs/widget/vendor/magento/module-ui/view/base/templates/wysiwyg/active_editor.phtml' in module: 'Magento_Ui' block's name: 'theme.active.editor' [] []
[2023-05-11T13:55:43.820161+00:00] main.CRITICAL: Invalid template file: 'C:/xampp/htdocs/widget/vendor/magento/module-login-as-customer-frontend-ui/view/frontend/templates/html/notices.phtml' in module: '' block's name: 'login-as-customer-notice' [] []
[2023-05-11T13:55:43.824028+00:00] main.CRITICAL: Invalid template file: 'C:/xampp/htdocs/widget/vendor/magento/module-login-as-customer-frontend-ui/view/frontend/templates/html/notices.phtml' in module: '' block's name: 'login-as-customer-notice' [] []
[2023-05-11T13:55:43.825997+00:00] main.CRITICAL: Invalid template file: 'C:/xampp/htdocs/widget/vendor/magento/module-login-as-customer-frontend-ui/view/frontend/templates/html/notices.phtml' in module: '' block's name: 'login-as-customer-notice' [] []
[2023-05-11T13:55:43.827363+00:00] main.CRITICAL: Invalid template file: 'C:/xampp/htdocs/widget/vendor/magento/module-page-builder/view/base/templates/googlemaps.phtml' in module: 'Magento_PageBuilder' block's name: 'google.maps.api' [] []
[2023-05-11T13:55:43.829740+00:00] main.CRITICAL: Invalid template file: 'C:/xampp/htdocs/widget/vendor/magento/module-page-builder/view/base/templates/googlemaps.phtml' in module: 'Magento_PageBuilder' block's name: 'google.maps.api' [] []
[2023-05-11T13:55:43.832079+00:00] main.CRITICAL: Invalid template file: 'C:/xampp/htdocs/widget/vendor/magento/module-page-builder/view/base/templates/googlemaps.phtml' in module: 'Magento_PageBuilder' block's name: 'google.maps.api' [] []
[2023-05-11T13:55:43.833146+00:00] main.CRITICAL: Invalid template file: 'C:/xampp/htdocs/widget/vendor/magento/module-theme/view/frontend/templates/html/skip.phtml' in module: '' block's name: 'skip_to_content' [] []
[2023-05-11T13:55:43.837981+00:00] main.CRITICAL: Invalid template file: 'C:/xampp/htdocs/widget/vendor/magento/module-theme/view/frontend/templates/html/skip.phtml' in module: '' block's name: 'skip_to_content' [] []
[2023-05-11T13:55:43.842254+00:00] main.CRITICAL: Invalid template file: 'C:/xampp/htdocs/widget/vendor/magento/module-directory/view/frontend/templates/currency.phtml' in module: 'Magento_Directory' block's name: 'currency' [] []
[2023-05-11T13:55:43.842546+00:00] main.CRITICAL: Invalid template file: 'C:/xampp/htdocs/widget/vendor/magento/module-theme/view/frontend/templates/html/skip.phtml' in module: '' block's name: 'skip_to_content' [] []
[2023-05-11T13:55:43.844161+00:00] main.CRITICAL: Invalid template file: 'C:/xampp/htdocs/widget/vendor/magento/module-directory/view/frontend/templates/currency.phtml' in module: 'Magento_Directory' block's name: 'currency' [] []
[2023-05-11T13:55:43.847398+00:00] main.CRITICAL: Invalid template file: 'C:/xampp/htdocs/widget/vendor/magento/module-store/view/frontend/templates/switch/languages.phtml' in module: 'Magento_Store' block's name: 'store_language' [] []
[2023-05-11T13:55:43.848448+00:00] main.CRITICAL: Invalid template file: 'C:/xampp/htdocs/widget/vendor/magento/module-directory/view/frontend/templates/currency.phtml' in module: 'Magento_Directory' block's name: 'currency' [] []
[2023-05-11T13:55:43.850246+00:00] main.CRITICAL: Invalid template file: 'C:/xampp/htdocs/widget/vendor/magento/module-store/view/frontend/templates/switch/languages.phtml' in module: 'Magento_Store' block's name: 'store_language' [] []
[2023-05-11T13:55:43.854476+00:00] main.CRITICAL: Invalid template file: 'C:/xampp/htdocs/widget/vendor/magento/module-theme/view/frontend/templates/html/header.phtml' in module: 'Magento_Theme' block's name: 'header' [] []
[2023-05-11T13:55:43.857074+00:00] main.CRITICAL: Invalid template file: 'C:/xampp/htdocs/widget/vendor/magento/module-theme/view/frontend/templates/html/header.phtml' in module: 'Magento_Theme' block's name: 'header' [] []
[2023-05-11T13:55:43.857521+00:00] main.CRITICAL: Invalid template file: 'C:/xampp/htdocs/widget/vendor/magento/module-store/view/frontend/templates/switch/languages.phtml' in module: 'Magento_Store' block's name: 'store_language' [] []
[2023-05-11T13:55:43.861062+00:00] main.CRITICAL: Invalid template file: 'C:/xampp/htdocs/widget/vendor/magento/module-customer/view/frontend/templates/account/customer.phtml' in module: 'Magento_Customer' block's name: 'customer' [] []
[2023-05-11T13:55:43.862725+00:00] main.CRITICAL: Invalid template file: 'C:/xampp/htdocs/widget/vendor/magento/module-customer/view/frontend/templates/account/customer.phtml' in module: 'Magento_Customer' block's name: 'customer' [] []
[2023-05-11T13:55:43.862919+00:00] main.CRITICAL: Invalid template file: 'C:/xampp/htdocs/widget/vendor/magento/module-theme/view/frontend/templates/html/header.phtml' in module: 'Magento_Theme' block's name: 'header' [] []
[2023-05-11T13:55:43.866141+00:00] main.CRITICAL: Invalid template file: 'C:/xampp/htdocs/widget/vendor/magento/module-customer/view/frontend/templates/account/link/authorization.phtml' in module: 'Magento_Customer' block's name: 'authorization-link-login' [] []
[2023-05-11T13:55:43.870869+00:00] main.CRITICAL: Invalid template file: 'C:/xampp/htdocs/widget/vendor/magento/module-customer/view/frontend/templates/account/customer.phtml' in module: 'Magento_Customer' block's name: 'customer' [] []
[2023-05-11T13:55:43.873151+00:00] main.CRITICAL: Invalid template file: 'C:/xampp/htdocs/widget/vendor/magento/module-customer/view/frontend/templates/account/link/authorization.phtml' in module: 'Magento_Customer' block's name: 'authorization-link-login' [] []
[2023-05-11T13:55:43.875815+00:00] main.CRITICAL: Invalid template file: 'C:/xampp/htdocs/widget/vendor/magento/module-theme/view/frontend/templates/html/header/logo.phtml' in module: 'Magento_Theme' block's name: 'logo' [] []
[2023-05-11T13:55:43.877143+00:00] main.CRITICAL: Invalid template file: 'C:/xampp/htdocs/widget/vendor/magento/module-customer/view/frontend/templates/account/link/authorization.phtml' in module: 'Magento_Customer' block's name: 'authorization-link-login' [] []
[2023-05-11T13:55:43.881364+00:00] main.CRITICAL: Invalid template file: 'C:/xampp/htdocs/widget/vendor/magento/module-theme/view/frontend/templates/html/header/logo.phtml' in module: 'Magento_Theme' block's name: 'logo' [] []
[2023-05-11T13:55:43.883112+00:00] main.CRITICAL: Invalid template file: 'C:/xampp/htdocs/widget/vendor/magento/module-checkout/view/frontend/templates/cart/minicart.phtml' in module: 'Magento_Checkout' block's name: 'minicart' [] []
[2023-05-11T13:55:43.884510+00:00] main.CRITICAL: Invalid template file: 'C:/xampp/htdocs/widget/vendor/magento/module-theme/view/frontend/templates/html/header/logo.phtml' in module: 'Magento_Theme' block's name: 'logo' [] []
[2023-05-11T13:55:43.889537+00:00] main.CRITICAL: Invalid template file: 'C:/xampp/htdocs/widget/vendor/magento/module-checkout/view/frontend/templates/cart/minicart.phtml' in module: 'Magento_Checkout' block's name: 'minicart' [] []
[2023-05-11T13:55:43.890883+00:00] main.CRITICAL: Invalid template file: 'C:/xampp/htdocs/widget/vendor/magento/module-search/view/frontend/templates/form.mini.phtml' in module: '' block's name: 'top.search' [] []
[2023-05-11T13:55:43.893297+00:00] main.CRITICAL: Invalid template file: 'C:/xampp/htdocs/widget/vendor/magento/module-checkout/view/frontend/templates/cart/minicart.phtml' in module: 'Magento_Checkout' block's name: 'minicart' [] []
[2023-05-11T13:55:43.895394+00:00] main.CRITICAL: Invalid template file: 'C:/xampp/htdocs/widget/vendor/magento/module-search/view/frontend/templates/form.mini.phtml' in module: '' block's name: 'top.search' [] []
[2023-05-11T13:55:43.897719+00:00] main.CRITICAL: Invalid template file: 'C:/xampp/htdocs/widget/vendor/magento/module-catalog/view/frontend/templates/product/compare/link.phtml' in module: '' block's name: 'catalog.compare.link' [] []
[2023-05-11T13:55:43.899263+00:00] main.CRITICAL: Invalid template file: 'C:/xampp/htdocs/widget/vendor/magento/module-search/view/frontend/templates/form.mini.phtml' in module: '' block's name: 'top.search' [] []
[2023-05-11T13:55:43.900834+00:00] main.CRITICAL: Invalid template file: 'C:/xampp/htdocs/widget/vendor/magento/module-catalog/view/frontend/templates/product/compare/link.phtml' in module: '' block's name: 'catalog.compare.link' [] []
[2023-05-11T13:55:43.906544+00:00] main.CRITICAL: Invalid template file: 'C:/xampp/htdocs/widget/vendor/magento/module-theme/view/frontend/templates/html/sections.phtml' in module: '' block's name: 'navigation.sections' [] []
[2023-05-11T13:55:43.906963+00:00] main.CRITICAL: Invalid template file: 'C:/xampp/htdocs/widget/vendor/magento/module-catalog/view/frontend/templates/product/compare/link.phtml' in module: '' block's name: 'catalog.compare.link' [] []
[2023-05-11T13:55:43.910678+00:00] main.CRITICAL: Invalid template file: 'C:/xampp/htdocs/widget/vendor/magento/module-theme/view/frontend/templates/html/sections.phtml' in module: '' block's name: 'navigation.sections' [] []
[2023-05-11T13:55:43.912575+00:00] main.CRITICAL: Invalid template file: 'C:/xampp/htdocs/widget/vendor/magento/module-theme/view/frontend/templates/html/breadcrumbs.phtml' in module: 'Magento_Theme' block's name: 'breadcrumbs' [] []
[2023-05-11T13:55:43.913709+00:00] main.CRITICAL: Invalid template file: 'C:/xampp/htdocs/widget/vendor/magento/module-theme/view/frontend/templates/html/sections.phtml' in module: '' block's name: 'navigation.sections' [] []
[2023-05-11T13:55:43.917808+00:00] main.CRITICAL: Invalid template file: 'C:/xampp/htdocs/widget/vendor/magento/module-theme/view/frontend/templates/html/skiptarget.phtml' in module: '' block's name: 'skip_to_content.target' [] []
[2023-05-11T13:55:43.919070+00:00] main.CRITICAL: Invalid template file: 'C:/xampp/htdocs/widget/vendor/magento/module-theme/view/frontend/templates/html/breadcrumbs.phtml' in module: 'Magento_Theme' block's name: 'breadcrumbs' [] []
[2023-05-11T13:55:43.923909+00:00] main.CRITICAL: Invalid template file: 'C:/xampp/htdocs/widget/vendor/magento/module-theme/view/frontend/templates/html/breadcrumbs.phtml' in module: 'Magento_Theme' block's name: 'breadcrumbs' [] []
[2023-05-11T13:55:43.925189+00:00] main.CRITICAL: Invalid template file: 'C:/xampp/htdocs/widget/vendor/magento/module-theme/view/frontend/templates/html/title.phtml' in module: 'Magento_Theme' block's name: 'page.main.title' [] []
[2023-05-11T13:55:43.925746+00:00] main.CRITICAL: Invalid template file: 'C:/xampp/htdocs/widget/vendor/magento/module-theme/view/frontend/templates/html/skiptarget.phtml' in module: '' block's name: 'skip_to_content.target' [] []
[2023-05-11T13:55:43.930162+00:00] main.CRITICAL: Invalid template file: 'C:/xampp/htdocs/widget/vendor/magento/module-theme/view/frontend/templates/html/skiptarget.phtml' in module: '' block's name: 'skip_to_content.target' [] []
[2023-05-11T13:55:43.931650+00:00] main.CRITICAL: Invalid template file: 'C:/xampp/htdocs/widget/vendor/magento/module-theme/view/frontend/templates/html/title.phtml' in module: 'Magento_Theme' block's name: 'page.main.title' [] []
[2023-05-11T13:55:43.938274+00:00] main.CRITICAL: Invalid template file: 'C:/xampp/htdocs/widget/vendor/magento/module-theme/view/frontend/templates/messages.phtml' in module: '' block's name: 'messages' [] []
[2023-05-11T13:55:43.938590+00:00] main.CRITICAL: Invalid template file: 'C:/xampp/htdocs/widget/vendor/magento/module-theme/view/frontend/templates/html/title.phtml' in module: 'Magento_Theme' block's name: 'page.main.title' [] []
[2023-05-11T13:55:43.939629+00:00] main.CRITICAL: Invalid template file: 'C:/xampp/htdocs/widget/vendor/magento/module-theme/view/frontend/templates/html/messages.phtml' in module: '' block's name: 'ajax.message.placeholder' [] []
[2023-05-11T13:55:43.944536+00:00] main.CRITICAL: Invalid template file: 'C:/xampp/htdocs/widget/vendor/magento/module-theme/view/frontend/templates/html/messages.phtml' in module: '' block's name: 'ajax.message.placeholder' [] []
[2023-05-11T13:55:43.945160+00:00] main.CRITICAL: Invalid template file: 'C:/xampp/htdocs/widget/vendor/magento/module-theme/view/frontend/templates/messages.phtml' in module: '' block's name: 'messages' [] []
[2023-05-11T13:55:43.946368+00:00] main.CRITICAL: Invalid template file: 'C:/xampp/htdocs/widget/vendor/magento/module-customer/view/frontend/templates/account/authentication-popup.phtml' in module: 'Magento_Customer' block's name: 'authentication-popup' [] []
[2023-05-11T13:55:43.949804+00:00] main.CRITICAL: Invalid template file: 'C:/xampp/htdocs/widget/vendor/magento/module-theme/view/frontend/templates/messages.phtml' in module: '' block's name: 'messages' [] []
[2023-05-11T13:55:43.953877+00:00] main.CRITICAL: Invalid template file: 'C:/xampp/htdocs/widget/vendor/magento/module-customer/view/frontend/templates/js/section-config.phtml' in module: 'Magento_Customer' block's name: 'customer.section.config' [] []
[2023-05-11T13:55:43.955056+00:00] main.CRITICAL: Invalid template file: 'C:/xampp/htdocs/widget/vendor/magento/module-customer/view/frontend/templates/account/authentication-popup.phtml' in module: 'Magento_Customer' block's name: 'authentication-popup' [] []
[2023-05-11T13:55:43.958381+00:00] main.CRITICAL: Invalid template file: 'C:/xampp/htdocs/widget/vendor/magento/module-customer/view/frontend/templates/account/authentication-popup.phtml' in module: 'Magento_Customer' block's name: 'authentication-popup' [] []
[2023-05-11T13:55:43.959686+00:00] main.CRITICAL: Invalid template file: 'C:/xampp/htdocs/widget/vendor/magento/module-customer/view/frontend/templates/js/customer-data.phtml' in module: 'Magento_Customer' block's name: 'customer.customer.data' [] []
[2023-05-11T13:55:43.960450+00:00] main.CRITICAL: Invalid template file: 'C:/xampp/htdocs/widget/vendor/magento/module-customer/view/frontend/templates/js/section-config.phtml' in module: 'Magento_Customer' block's name: 'customer.section.config' [] []
[2023-05-11T13:55:43.963647+00:00] main.CRITICAL: Invalid template file: 'C:/xampp/htdocs/widget/vendor/magento/module-customer/view/frontend/templates/js/section-config.phtml' in module: 'Magento_Customer' block's name: 'customer.section.config' [] []
[2023-05-11T13:55:43.965059+00:00] main.CRITICAL: Invalid template file: 'C:/xampp/htdocs/widget/vendor/magento/module-customer/view/frontend/templates/js/customer-data/invalidation-rules.phtml' in module: 'Magento_Customer' block's name: 'customer.data.invalidation.rules' [] []
[2023-05-11T13:55:43.965946+00:00] main.CRITICAL: Invalid template file: 'C:/xampp/htdocs/widget/vendor/magento/module-customer/view/frontend/templates/js/customer-data.phtml' in module: 'Magento_Customer' block's name: 'customer.customer.data' [] []
[2023-05-11T13:55:43.972297+00:00] main.CRITICAL: Invalid template file: 'C:/xampp/htdocs/widget/vendor/magento/module-customer/view/frontend/templates/js/customer-data.phtml' in module: 'Magento_Customer' block's name: 'customer.customer.data' [] []
[2023-05-11T13:55:43.973032+00:00] main.CRITICAL: Invalid template file: 'C:/xampp/htdocs/widget/vendor/magento/module-page-cache/view/frontend/templates/javascript.phtml' in module: 'Magento_PageCache' block's name: 'pageCache' [] []
[2023-05-11T13:55:43.973236+00:00] main.CRITICAL: Invalid template file: 'C:/xampp/htdocs/widget/vendor/magento/module-customer/view/frontend/templates/js/customer-data/invalidation-rules.phtml' in module: 'Magento_Customer' block's name: 'customer.data.invalidation.rules' [] []
[2023-05-11T13:55:43.978040+00:00] main.CRITICAL: Invalid template file: 'C:/xampp/htdocs/widget/vendor/magento/module-customer/view/frontend/templates/js/customer-data/invalidation-rules.phtml' in module: 'Magento_Customer' block's name: 'customer.data.invalidation.rules' [] []
[2023-05-11T13:55:43.978537+00:00] main.CRITICAL: Invalid template file: 'C:/xampp/htdocs/widget/vendor/magento/module-msrp/view/frontend/templates/popup.phtml' in module: 'Magento_Msrp' block's name: 'product.tooltip' [] []
[2023-05-11T13:55:43.979027+00:00] main.CRITICAL: Invalid template file: 'C:/xampp/htdocs/widget/vendor/magento/module-page-cache/view/frontend/templates/javascript.phtml' in module: 'Magento_PageCache' block's name: 'pageCache' [] []
[2023-05-11T13:55:43.984079+00:00] main.CRITICAL: Invalid template file: 'C:/xampp/htdocs/widget/vendor/magento/module-page-cache/view/frontend/templates/javascript.phtml' in module: 'Magento_PageCache' block's name: 'pageCache' [] []
[2023-05-11T13:55:43.984725+00:00] main.CRITICAL: Invalid template file: 'C:/xampp/htdocs/widget/vendor/magento/module-msrp/view/frontend/templates/popup.phtml' in module: 'Magento_Msrp' block's name: 'product.tooltip' [] []
[2023-05-11T13:55:43.991437+00:00] main.CRITICAL: Invalid template file: 'C:/xampp/htdocs/widget/vendor/magento/module-msrp/view/frontend/templates/popup.phtml' in module: 'Magento_Msrp' block's name: 'product.tooltip' [] []
[2023-05-11T13:55:45.394595+00:00] main.CRITICAL: Invalid template file: 'C:/xampp/htdocs/widget/vendor/magento/module-newsletter/view/frontend/templates/subscribe.phtml' in module: 'Magento_Newsletter' block's name: 'form.subscribe' [] []
[2023-05-11T13:55:45.397028+00:00] main.CRITICAL: Invalid template file: 'C:/xampp/htdocs/widget/vendor/magento/module-newsletter/view/frontend/templates/subscribe.phtml' in module: 'Magento_Newsletter' block's name: 'form.subscribe' [] []
[2023-05-11T13:55:45.397934+00:00] main.CRITICAL: Invalid template file: 'C:/xampp/htdocs/widget/vendor/magento/module-newsletter/view/frontend/templates/subscribe.phtml' in module: 'Magento_Newsletter' block's name: 'form.subscribe' [] []
[2023-05-11T13:55:45.429789+00:00] main.CRITICAL: Invalid template file: 'C:/xampp/htdocs/widget/vendor/magento/module-store/view/frontend/templates/switch/stores.phtml' in module: 'Magento_Store' block's name: 'store_switcher' [] []
[2023-05-11T13:55:45.431274+00:00] main.CRITICAL: Invalid template file: 'C:/xampp/htdocs/widget/vendor/magento/module-store/view/frontend/templates/switch/stores.phtml' in module: 'Magento_Store' block's name: 'store_switcher' [] []
[2023-05-11T13:55:45.432700+00:00] main.CRITICAL: Invalid template file: 'C:/xampp/htdocs/widget/vendor/magento/module-store/view/frontend/templates/switch/stores.phtml' in module: 'Magento_Store' block's name: 'store_switcher' [] []
[2023-05-11T13:55:45.445719+00:00] main.CRITICAL: Invalid template file: 'C:/xampp/htdocs/widget/vendor/magento/module-catalog/view/frontend/templates/frontend_storage_manager.phtml' in module: 'Magento_Catalog' block's name: 'frontend-storage-manager' [] []
[2023-05-11T13:55:45.458830+00:00] main.CRITICAL: Invalid template file: 'C:/xampp/htdocs/widget/vendor/magento/module-theme/view/frontend/templates/html/absolute_footer.phtml' in module: 'Magento_Theme' block's name: 'absolute_footer' [] []
[2023-05-11T13:55:45.493975+00:00] main.CRITICAL: Invalid template file: 'C:/xampp/htdocs/widget/vendor/magento/module-theme/view/frontend/templates/html/copyright.phtml' in module: 'Magento_Theme' block's name: 'copyright' [] []
[2023-05-11T13:55:49.780081+00:00] main.ERROR: Requested path frontend/Magento/luma/en_US/css/styles-m.css is wrong. [] []
[2023-05-11T13:55:49.790520+00:00] main.CRITICAL: Requested path frontend/Magento/luma/en_US/css/styles-m.css is wrong. [] []
[2023-05-11T13:55:49.796548+00:00] main.ERROR: Requested path frontend/Magento/luma/en_US/requirejs/require.js is wrong. [] []
[2023-05-11T13:55:49.815516+00:00] main.CRITICAL: Requested path frontend/Magento/luma/en_US/requirejs/require.js is wrong. [] []
[2023-05-11T13:55:49.855289+00:00] main.ERROR: Requested path frontend/Magento/luma/en_US/fonts/opensans/light/opensans-300.woff2 is wrong. [] []
[2023-05-11T13:55:49.860797+00:00] main.CRITICAL: Requested path frontend/Magento/luma/en_US/fonts/opensans/light/opensans-300.woff2 is wrong. [] []
[2023-05-11T13:55:49.915358+00:00] main.ERROR: Requested path frontend/Magento/luma/en_US/mage/requirejs/mixins.js is wrong. [] []
[2023-05-11T13:55:49.918819+00:00] main.ERROR: Requested path frontend/Magento/luma/en_US/mage/calendar.css is wrong. [] []
[2023-05-11T13:55:49.920087+00:00] main.ERROR: Requested path frontend/Magento/luma/en_US/css/styles-l.css is wrong. [] []
[2023-05-11T13:55:49.923962+00:00] main.CRITICAL: Requested path frontend/Magento/luma/en_US/mage/calendar.css is wrong. [] []
[2023-05-11T13:55:49.929312+00:00] main.CRITICAL: Requested path frontend/Magento/luma/en_US/css/styles-l.css is wrong. [] []
[2023-05-11T13:55:49.932994+00:00] main.CRITICAL: Requested path frontend/Magento/luma/en_US/mage/requirejs/mixins.js is wrong. [] []
[2023-05-11T13:55:51.704256+00:00] main.ERROR: Requested path frontend/Magento/luma/en_US/fonts/Luma-Icons.woff2 is wrong. [] []
[2023-05-11T13:55:51.708934+00:00] main.CRITICAL: Requested path frontend/Magento/luma/en_US/fonts/Luma-Icons.woff2 is wrong. [] []
[2023-05-11T13:55:51.760761+00:00] main.ERROR: Requested path frontend/Magento/luma/en_US/fonts/opensans/bold/opensans-700.woff2 is wrong. [] []
[2023-05-11T13:55:51.765686+00:00] main.CRITICAL: Requested path frontend/Magento/luma/en_US/fonts/opensans/bold/opensans-700.woff2 is wrong. [] []
[2023-05-11T13:55:51.766331+00:00] main.ERROR: Requested path frontend/Magento/luma/en_US/fonts/opensans/regular/opensans-400.woff2 is wrong. [] []
[2023-05-11T13:55:51.771614+00:00] main.CRITICAL: Requested path frontend/Magento/luma/en_US/fonts/opensans/regular/opensans-400.woff2 is wrong. [] []
[2023-05-11T13:55:51.825270+00:00] main.ERROR: Requested path frontend/Magento/luma/en_US/css/print.css is wrong. [] []
[2023-05-11T13:55:51.830223+00:00] main.CRITICAL: Requested path frontend/Magento/luma/en_US/css/print.css is wrong. [] []
[2023-05-11T13:55:52.030731+00:00] main.ERROR: Requested path frontend/Magento/luma/en_US/fonts/opensans/semibold/opensans-600.woff2 is wrong. [] []
[2023-05-11T13:55:52.038100+00:00] main.CRITICAL: Requested path frontend/Magento/luma/en_US/fonts/opensans/semibold/opensans-600.woff2 is wrong. [] []
[2023-05-11T13:55:53.412976+00:00] main.ERROR: Requested path frontend/Magento/luma/en_US/Magento_Theme/favicon.ico is wrong. [] []
[2023-05-11T13:55:53.458683+00:00] main.CRITICAL: Requested path frontend/Magento/luma/en_US/Magento_Theme/favicon.ico is wrong. [] []
[2023-05-11T13:55:53.971515+00:00] main.ERROR: Requested path frontend/Magento/luma/en_US/mage/requirejs/mixins.js is wrong. [] []
[2023-05-11T13:55:53.978387+00:00] main.CRITICAL: Requested path frontend/Magento/luma/en_US/mage/requirejs/mixins.js is wrong. [] []
[2023-05-11T13:55:54.032327+00:00] main.ERROR: Requested path frontend/Magento/luma/en_US/requirejs/require.js is wrong. [] []
[2023-05-11T13:55:54.039567+00:00] main.CRITICAL: Requested path frontend/Magento/luma/en_US/requirejs/require.js is wrong. [] []
[2023-05-11T14:00:04.677486+00:00] main.ERROR: Requested path frontend/Magento/luma/en_US/requirejs/require.js is wrong. [] []
[2023-05-11T14:00:04.680831+00:00] main.ERROR: Requested path frontend/Magento/luma/en_US/mage/calendar.css is wrong. [] []
[2023-05-11T14:00:04.683565+00:00] main.CRITICAL: Requested path frontend/Magento/luma/en_US/requirejs/require.js is wrong. [] []
[2023-05-11T14:00:04.699829+00:00] main.ERROR: Requested path frontend/Magento/luma/en_US/mage/requirejs/mixins.js is wrong. [] []
[2023-05-11T14:00:04.687620+00:00] main.CRITICAL: Requested path frontend/Magento/luma/en_US/mage/calendar.css is wrong. [] []
[2023-05-11T14:00:04.713337+00:00] main.CRITICAL: Requested path frontend/Magento/luma/en_US/mage/requirejs/mixins.js is wrong. [] []
[2023-05-11T14:00:04.809877+00:00] main.ERROR: Requested path frontend/Magento/luma/en_US/fonts/opensans/light/opensans-300.woff2 is wrong. [] []
[2023-05-11T14:00:04.833600+00:00] main.ERROR: Requested path frontend/Magento/luma/en_US/css/styles-l.css is wrong. [] []
[2023-05-11T14:00:04.842984+00:00] main.CRITICAL: Requested path frontend/Magento/luma/en_US/css/styles-l.css is wrong. [] []
[2023-05-11T14:00:04.815056+00:00] main.CRITICAL: Requested path frontend/Magento/luma/en_US/fonts/opensans/light/opensans-300.woff2 is wrong. [] []
[2023-05-11T14:00:04.932452+00:00] main.ERROR: Requested path frontend/Magento/luma/en_US/css/styles-m.css is wrong. [] []
[2023-05-11T14:00:04.945785+00:00] main.CRITICAL: Requested path frontend/Magento/luma/en_US/css/styles-m.css is wrong. [] []
[2023-05-11T14:00:06.024167+00:00] main.ERROR: Requested path frontend/Magento/luma/en_US/fonts/opensans/semibold/opensans-600.woff2 is wrong. [] []
[2023-05-11T14:00:06.028605+00:00] main.CRITICAL: Requested path frontend/Magento/luma/en_US/fonts/opensans/semibold/opensans-600.woff2 is wrong. [] []
[2023-05-11T14:00:06.092742+00:00] main.ERROR: Requested path frontend/Magento/luma/en_US/fonts/opensans/regular/opensans-400.woff2 is wrong. [] []
[2023-05-11T14:00:06.097388+00:00] main.CRITICAL: Requested path frontend/Magento/luma/en_US/fonts/opensans/regular/opensans-400.woff2 is wrong. [] []
[2023-05-11T14:00:06.219892+00:00] main.ERROR: Requested path frontend/Magento/luma/en_US/fonts/opensans/bold/opensans-700.woff2 is wrong. [] []
[2023-05-11T14:00:06.261293+00:00] main.CRITICAL: Requested path frontend/Magento/luma/en_US/fonts/opensans/bold/opensans-700.woff2 is wrong. [] []
[2023-05-11T14:00:06.302009+00:00] main.ERROR: Requested path frontend/Magento/luma/en_US/fonts/Luma-Icons.woff2 is wrong. [] []
[2023-05-11T14:00:06.308075+00:00] main.CRITICAL: Requested path frontend/Magento/luma/en_US/fonts/Luma-Icons.woff2 is wrong. [] []
[2023-05-11T14:00:06.591628+00:00] main.ERROR: Requested path frontend/Magento/luma/en_US/images/logo.svg is wrong. [] []
[2023-05-11T14:00:06.605449+00:00] main.CRITICAL: Requested path frontend/Magento/luma/en_US/images/logo.svg is wrong. [] []
[2023-05-11T14:00:06.630752+00:00] main.ERROR: Requested path frontend/Magento/luma/en_US/css/print.css is wrong. [] []
[2023-05-11T14:00:06.636890+00:00] main.CRITICAL: Requested path frontend/Magento/luma/en_US/css/print.css is wrong. [] []
[2023-05-11T14:00:08.597275+00:00] main.ERROR: Requested path frontend/Magento/luma/en_US/requirejs/require.js is wrong. [] []
[2023-05-11T14:00:08.597836+00:00] main.ERROR: Requested path frontend/Magento/luma/en_US/mage/requirejs/mixins.js is wrong. [] []
[2023-05-11T14:00:08.602278+00:00] main.CRITICAL: Requested path frontend/Magento/luma/en_US/requirejs/require.js is wrong. [] []
[2023-05-11T14:00:08.602862+00:00] main.CRITICAL: Requested path frontend/Magento/luma/en_US/mage/requirejs/mixins.js is wrong. [] []
[2023-05-11T14:01:25.020695+00:00] main.WARNING: Memory size allocated for the temporary table is more than 20% of innodb_buffer_pool_size. Please update innodb_buffer_pool_size or decrease batch size value (which decreases memory usages for the temporary table). Current batch size: 5000; Allocated memory size: 4000000 bytes; InnoDB buffer pool size: 16777216 bytes. [] []
[2023-05-11T14:01:25.030466+00:00] main.WARNING: Memory size allocated for the temporary table is more than 20% of innodb_buffer_pool_size. Please update innodb_buffer_pool_size or decrease batch size value (which decreases memory usages for the temporary table). Current batch size: 5000; Allocated memory size: 4000000 bytes; InnoDB buffer pool size: 16777216 bytes. [] []
[2023-05-11T14:01:25.039801+00:00] main.WARNING: Memory size allocated for the temporary table is more than 20% of innodb_buffer_pool_size. Please update innodb_buffer_pool_size or decrease batch size value (which decreases memory usages for the temporary table). Current batch size: 5000; Allocated memory size: 4000000 bytes; InnoDB buffer pool size: 16777216 bytes. [] []
[2023-05-11T14:01:27.539509+00:00] main.CRITICAL: {"error":"no handler found for uri [/magento2_product_1_v3/document/_mapping?include_type_name=true] and method [PUT]"} [] []
[2023-05-11T14:01:59.344068+00:00] main.WARNING: Memory size allocated for the temporary table is more than 20% of innodb_buffer_pool_size. Please update innodb_buffer_pool_size or decrease batch size value (which decreases memory usages for the temporary table). Current batch size: 5000; Allocated memory size: 4000000 bytes; InnoDB buffer pool size: 16777216 bytes. [] []
[2023-05-11T14:01:59.354255+00:00] main.WARNING: Memory size allocated for the temporary table is more than 20% of innodb_buffer_pool_size. Please update innodb_buffer_pool_size or decrease batch size value (which decreases memory usages for the temporary table). Current batch size: 5000; Allocated memory size: 4000000 bytes; InnoDB buffer pool size: 16777216 bytes. [] []
[2023-05-11T14:01:59.362912+00:00] main.WARNING: Memory size allocated for the temporary table is more than 20% of innodb_buffer_pool_size. Please update innodb_buffer_pool_size or decrease batch size value (which decreases memory usages for the temporary table). Current batch size: 5000; Allocated memory size: 4000000 bytes; InnoDB buffer pool size: 16777216 bytes. [] []
[2023-05-11T14:02:00.764265+00:00] main.CRITICAL: {"error":"no handler found for uri [/magento2_product_1_v4/document/_mapping?include_type_name=true] and method [PUT]"} [] []
[2023-05-11T14:05:08.501623+00:00] main.WARNING: Memory size allocated for the temporary table is more than 20% of innodb_buffer_pool_size. Please update innodb_buffer_pool_size or decrease batch size value (which decreases memory usages for the temporary table). Current batch size: 5000; Allocated memory size: 4000000 bytes; InnoDB buffer pool size: 16777216 bytes. [] []
[2023-05-11T14:05:08.513071+00:00] main.WARNING: Memory size allocated for the temporary table is more than 20% of innodb_buffer_pool_size. Please update innodb_buffer_pool_size or decrease batch size value (which decreases memory usages for the temporary table). Current batch size: 5000; Allocated memory size: 4000000 bytes; InnoDB buffer pool size: 16777216 bytes. [] []
[2023-05-11T14:05:08.522593+00:00] main.WARNING: Memory size allocated for the temporary table is more than 20% of innodb_buffer_pool_size. Please update innodb_buffer_pool_size or decrease batch size value (which decreases memory usages for the temporary table). Current batch size: 5000; Allocated memory size: 4000000 bytes; InnoDB buffer pool size: 16777216 bytes. [] []
[2023-05-11T14:05:09.724909+00:00] main.CRITICAL: {"error":"no handler found for uri [/magento2_product_1_v3/document/_mapping?include_type_name=true] and method [PUT]"} [] []
[2023-05-11T14:09:16.860478+00:00] main.ERROR: Requested path frontend/Magento/luma/en_US/css/styles-l.css is wrong. [] []
[2023-05-11T14:09:16.863524+00:00] main.ERROR: Requested path frontend/Magento/luma/en_US/css/styles-m.css is wrong. [] []
[2023-05-11T14:09:16.869295+00:00] main.CRITICAL: Requested path frontend/Magento/luma/en_US/css/styles-m.css is wrong. [] []
[2023-05-11T14:09:16.869371+00:00] main.CRITICAL: Requested path frontend/Magento/luma/en_US/css/styles-l.css is wrong. [] []
[2023-05-11T14:09:16.892610+00:00] main.ERROR: Requested path frontend/Magento/luma/en_US/mage/calendar.css is wrong. [] []
[2023-05-11T14:09:16.900920+00:00] main.CRITICAL: Requested path frontend/Magento/luma/en_US/mage/calendar.css is wrong. [] []
[2023-05-11T14:09:18.184202+00:00] main.ERROR: Requested path frontend/Magento/luma/en_US/requirejs/require.js is wrong. [] []
[2023-05-11T14:09:18.189306+00:00] main.CRITICAL: Requested path frontend/Magento/luma/en_US/requirejs/require.js is wrong. [] []
[2023-05-11T14:09:18.200014+00:00] main.ERROR: Requested path frontend/Magento/luma/en_US/fonts/opensans/light/opensans-300.woff2 is wrong. [] []
[2023-05-11T14:09:18.207372+00:00] main.CRITICAL: Requested path frontend/Magento/luma/en_US/fonts/opensans/light/opensans-300.woff2 is wrong. [] []
[2023-05-11T14:09:18.291146+00:00] main.ERROR: Requested path frontend/Magento/luma/en_US/mage/requirejs/mixins.js is wrong. [] []
[2023-05-11T14:09:18.299325+00:00] main.CRITICAL: Requested path frontend/Magento/luma/en_US/mage/requirejs/mixins.js is wrong. [] []
[2023-05-11T14:09:19.603134+00:00] main.ERROR: Requested path frontend/Magento/luma/en_US/fonts/opensans/semibold/opensans-600.woff2 is wrong. [] []
[2023-05-11T14:09:19.608163+00:00] main.CRITICAL: Requested path frontend/Magento/luma/en_US/fonts/opensans/semibold/opensans-600.woff2 is wrong. [] []
[2023-05-11T14:09:19.618181+00:00] main.ERROR: Requested path frontend/Magento/luma/en_US/fonts/opensans/regular/opensans-400.woff2 is wrong. [] []
[2023-05-11T14:09:19.623146+00:00] main.CRITICAL: Requested path frontend/Magento/luma/en_US/fonts/opensans/regular/opensans-400.woff2 is wrong. [] []
[2023-05-11T14:09:19.654807+00:00] main.ERROR: Requested path frontend/Magento/luma/en_US/fonts/opensans/bold/opensans-700.woff2 is wrong. [] []
[2023-05-11T14:09:19.697802+00:00] main.CRITICAL: Requested path frontend/Magento/luma/en_US/fonts/opensans/bold/opensans-700.woff2 is wrong. [] []
[2023-05-11T14:09:20.759674+00:00] main.ERROR: Requested path frontend/Magento/luma/en_US/images/logo.svg is wrong. [] []
[2023-05-11T14:09:20.765667+00:00] main.CRITICAL: Requested path frontend/Magento/luma/en_US/images/logo.svg is wrong. [] []
[2023-05-11T14:09:20.862794+00:00] main.ERROR: Requested path frontend/Magento/luma/en_US/fonts/Luma-Icons.woff2 is wrong. [] []
[2023-05-11T14:09:20.867303+00:00] main.CRITICAL: Requested path frontend/Magento/luma/en_US/fonts/Luma-Icons.woff2 is wrong. [] []
[2023-05-11T14:09:20.871880+00:00] main.ERROR: Requested path frontend/Magento/luma/en_US/css/print.css is wrong. [] []
[2023-05-11T14:09:20.896093+00:00] main.CRITICAL: Requested path frontend/Magento/luma/en_US/css/print.css is wrong. [] []
[2023-05-11T14:09:22.503077+00:00] main.ERROR: Requested path frontend/Magento/luma/en_US/Magento_Theme/favicon.ico is wrong. [] []
[2023-05-11T14:09:22.509065+00:00] main.CRITICAL: Requested path frontend/Magento/luma/en_US/Magento_Theme/favicon.ico is wrong. [] []
[2023-05-11T14:09:25.580752+00:00] main.ERROR: Requested path frontend/Magento/luma/en_US/requirejs/require.js is wrong. [] []
[2023-05-11T14:09:25.586576+00:00] main.CRITICAL: Requested path frontend/Magento/luma/en_US/requirejs/require.js is wrong. [] []
[2023-05-11T14:09:25.692046+00:00] main.ERROR: Requested path frontend/Magento/luma/en_US/mage/requirejs/mixins.js is wrong. [] []
[2023-05-11T14:09:25.699519+00:00] main.CRITICAL: Requested path frontend/Magento/luma/en_US/mage/requirejs/mixins.js is wrong. [] []
[2023-05-11T14:16:03.072953+00:00] main.INFO: Item Magento_Backend::system_currency was removed [] []
[2023-05-11T14:16:03.140934+00:00] main.INFO: Add of item with id Magento_Config::system_config was processed [] []
[2023-05-11T14:16:03.143492+00:00] main.INFO: Add of item with id Magento_AdminNotification::system_adminnotification was processed [] []
[2023-05-11T14:16:03.145669+00:00] main.INFO: Add of item with id Magento_Theme::design_config was processed [] []
[2023-05-11T14:16:03.147923+00:00] main.INFO: Add of item with id Magento_Theme::system_design_theme was processed [] []
[2023-05-11T14:16:03.150177+00:00] main.INFO: Add of item with id Magento_Backend::system_design_schedule was processed [] []
[2023-05-11T14:16:03.154534+00:00] main.INFO: Add of item with id Magento_Backend::system_store was processed [] []
[2023-05-11T14:16:03.156801+00:00] main.INFO: Add of item with id Magento_Backend::dashboard was processed [] []
[2023-05-11T14:16:03.158966+00:00] main.INFO: Add of item with id Magento_Backend::system was processed [] []
[2023-05-11T14:16:03.161227+00:00] main.INFO: Add of item with id Magento_Backend::system_tools was processed [] []
[2023-05-11T14:16:03.163795+00:00] main.INFO: Add of item with id Magento_Backend::system_design was processed [] []
[2023-05-11T14:16:03.166069+00:00] main.INFO: Add of item with id Magento_Backend::system_convert was processed [] []
[2023-05-11T14:16:03.170537+00:00] main.INFO: Add of item with id Magento_Backend::system_cache was processed [] []
[2023-05-11T14:16:03.172597+00:00] main.INFO: Add of item with id Magento_Backend::marketing was processed [] []
[2023-05-11T14:16:03.174801+00:00] main.INFO: Add of item with id Magento_Backend::marketing_communications was processed [] []
[2023-05-11T14:16:03.176779+00:00] main.INFO: Add of item with id Magento_Backend::marketing_seo was processed [] []
[2023-05-11T14:16:03.180377+00:00] main.INFO: Add of item with id Magento_Backend::marketing_user_content was processed [] []
[2023-05-11T14:16:03.182513+00:00] main.INFO: Add of item with id Magento_Backend::content was processed [] []
[2023-05-11T14:16:03.185859+00:00] main.INFO: Add of item with id Magento_Backend::content_elements was processed [] []
[2023-05-11T14:16:03.187964+00:00] main.INFO: Add of item with id Magento_Backend::stores was processed [] []
[2023-05-11T14:16:03.190058+00:00] main.INFO: Add of item with id Magento_Backend::stores_settings was processed [] []
[2023-05-11T14:16:03.192329+00:00] main.INFO: Add of item with id Magento_Backend::stores_attributes was processed [] []
[2023-05-11T14:16:03.194849+00:00] main.INFO: Add of item with id Magento_Backend::other_settings was processed [] []
[2023-05-11T14:16:03.196929+00:00] main.INFO: Add of item with id Magento_Backend::system_other_settings was processed [] []
[2023-05-11T14:16:03.199088+00:00] main.INFO: Add of item with id Magento_User::system_acl was processed [] []
[2023-05-11T14:16:03.202123+00:00] main.INFO: Add of item with id Magento_User::system_acl_users was processed [] []
[2023-05-11T14:16:03.204351+00:00] main.INFO: Add of item with id Magento_User::system_acl_roles was processed [] []
[2023-05-11T14:16:03.206456+00:00] main.INFO: Add of item with id Magento_User::system_acl_locks was processed [] []
[2023-05-11T14:16:03.208515+00:00] main.INFO: Add of item with id Magento_Customer::customer was processed [] []
[2023-05-11T14:16:03.210609+00:00] main.INFO: Add of item with id Magento_Customer::customer_manage was processed [] []
[2023-05-11T14:16:03.212652+00:00] main.INFO: Add of item with id Magento_Customer::customer_online was processed [] []
[2023-05-11T14:16:03.215230+00:00] main.INFO: Add of item with id Magento_Customer::customer_group was processed [] []
[2023-05-11T14:16:03.218237+00:00] main.INFO: Add of item with id Magento_Backup::system_tools_backup was processed [] []
[2023-05-11T14:16:03.221362+00:00] main.INFO: Add of item with id Magento_Indexer::system_index was processed [] []
[2023-05-11T14:16:03.223401+00:00] main.INFO: Add of item with id Magento_Variable::system_variable was processed [] []
[2023-05-11T14:16:03.225657+00:00] main.INFO: Add of item with id Magento_Cms::cms_page was processed [] []
[2023-05-11T14:16:03.227685+00:00] main.INFO: Add of item with id Magento_Cms::cms_block was processed [] []
[2023-05-11T14:16:03.229810+00:00] main.INFO: Add of item with id Magento_Search::search_terms was processed [] []
[2023-05-11T14:16:03.232075+00:00] main.INFO: Add of item with id Magento_Search::search_synonyms was processed [] []
[2023-05-11T14:16:03.236776+00:00] main.INFO: Add of item with id Magento_Catalog::catalog was processed [] []
[2023-05-11T14:16:03.239060+00:00] main.INFO: Add of item with id Magento_Catalog::catalog_products was processed [] []
[2023-05-11T14:16:03.241219+00:00] main.INFO: Add of item with id Magento_Catalog::catalog_categories was processed [] []
[2023-05-11T14:16:03.243728+00:00] main.INFO: Add of item with id Magento_Catalog::catalog_attributes_attributes was processed [] []
[2023-05-11T14:16:03.245922+00:00] main.INFO: Add of item with id Magento_Catalog::catalog_attributes_sets was processed [] []
[2023-05-11T14:16:03.248109+00:00] main.INFO: Add of item with id Magento_Catalog::inventory was processed [] []
[2023-05-11T14:16:03.251488+00:00] main.INFO: Add of item with id Magento_CatalogRule::promo was processed [] []
[2023-05-11T14:16:03.254479+00:00] main.INFO: Add of item with id Magento_CatalogRule::promo_catalog was processed [] []
[2023-05-11T14:16:03.256695+00:00] main.INFO: Add of item with id Magento_MediaGalleryUi::media was processed [] []
[2023-05-11T14:16:03.258930+00:00] main.INFO: Add of item with id Magento_MediaGalleryUi::media_gallery was processed [] []
[2023-05-11T14:16:03.261086+00:00] main.INFO: Add of item with id Magento_Integration::system_extensions was processed [] []
[2023-05-11T14:16:03.263575+00:00] main.INFO: Add of item with id Magento_Integration::system_integrations was processed [] []
[2023-05-11T14:16:03.266566+00:00] main.INFO: Add of item with id Magento_Sales::sales was processed [] []
[2023-05-11T14:16:03.269632+00:00] main.INFO: Add of item with id Magento_Sales::sales_operation was processed [] []
[2023-05-11T14:16:03.271916+00:00] main.INFO: Add of item with id Magento_Sales::sales_order was processed [] []
[2023-05-11T14:16:03.274526+00:00] main.INFO: Add of item with id Magento_Sales::sales_invoice was processed [] []
[2023-05-11T14:16:03.276760+00:00] main.INFO: Add of item with id Magento_Sales::sales_shipment was processed [] []
[2023-05-11T14:16:03.278899+00:00] main.INFO: Add of item with id Magento_Sales::sales_creditmemo was processed [] []
[2023-05-11T14:16:03.281960+00:00] main.INFO: Add of item with id Magento_Sales::sales_transactions was processed [] []
[2023-05-11T14:16:03.285024+00:00] main.INFO: Add of item with id Magento_Sales::system_order_statuses was processed [] []
[2023-05-11T14:16:03.287958+00:00] main.INFO: Add of item with id Magento_Widget::cms_widget_instance was processed [] []
[2023-05-11T14:16:03.290098+00:00] main.INFO: Add of item with id Magento_Analytics::business_intelligence was processed [] []
[2023-05-11T14:16:03.292214+00:00] main.INFO: Add of item with id Magento_Analytics::advanced_reporting was processed [] []
[2023-05-11T14:16:03.294476+00:00] main.INFO: Add of item with id Magento_Analytics::bi_essentials was processed [] []
[2023-05-11T14:16:03.296940+00:00] main.INFO: Add of item with id Magento_Downloadable::report_products_downloads was processed [] []
[2023-05-11T14:16:03.299097+00:00] main.INFO: Add of item with id Magento_ImportExport::system_convert_import was processed [] []
[2023-05-11T14:16:03.303245+00:00] main.INFO: Add of item with id Magento_ImportExport::system_convert_export was processed [] []
[2023-05-11T14:16:03.305690+00:00] main.INFO: Add of item with id Magento_ImportExport::system_convert_history was processed [] []
[2023-05-11T14:16:03.307896+00:00] main.INFO: Add of item with id Magento_Email::template was processed [] []
[2023-05-11T14:16:03.310083+00:00] main.INFO: Add of item with id Magento_EncryptionKey::system_crypt_key was processed [] []
[2023-05-11T14:16:03.312681+00:00] main.INFO: Add of item with id Magento_InventoryAdminUi::inventory was processed [] []
[2023-05-11T14:16:03.315055+00:00] main.INFO: Add of item with id Magento_InventoryAdminUi::source was processed [] []
[2023-05-11T14:16:03.317859+00:00] main.INFO: Add of item with id Magento_InventoryAdminUi::stock was processed [] []
[2023-05-11T14:16:03.320174+00:00] main.INFO: Add of item with id Magento_Reports::report was processed [] []
[2023-05-11T14:16:03.322240+00:00] main.INFO: Add of item with id Magento_Reports::report_marketing was processed [] []
[2023-05-11T14:16:03.324378+00:00] main.INFO: Add of item with id Magento_Reports::report_salesroot was processed [] []
[2023-05-11T14:16:03.326487+00:00] main.INFO: Add of item with id Magento_Reports::report_salesroot_sales was processed [] []
[2023-05-11T14:16:03.329320+00:00] main.INFO: Add of item with id Magento_Reports::report_salesroot_tax was processed [] []
[2023-05-11T14:16:03.331482+00:00] main.INFO: Add of item with id Magento_Reports::report_salesroot_invoiced was processed [] []
[2023-05-11T14:16:03.334590+00:00] main.INFO: Add of item with id Magento_Reports::report_salesroot_shipping was processed [] []
[2023-05-11T14:16:03.336952+00:00] main.INFO: Add of item with id Magento_Reports::report_salesroot_refunded was processed [] []
[2023-05-11T14:16:03.339053+00:00] main.INFO: Add of item with id Magento_Reports::report_salesroot_coupons was processed [] []
[2023-05-11T14:16:03.341253+00:00] main.INFO: Add of item with id Magento_Reports::report_shopcart_product was processed [] []
[2023-05-11T14:16:03.343689+00:00] main.INFO: Add of item with id Magento_Reports::report_shopcart_abandoned was processed [] []
[2023-05-11T14:16:03.345943+00:00] main.INFO: Add of item with id Magento_Reports::report_products was processed [] []
[2023-05-11T14:16:03.348050+00:00] main.INFO: Add of item with id Magento_Reports::report_products_bestsellers was processed [] []
[2023-05-11T14:16:03.350240+00:00] main.INFO: Add of item with id Magento_Reports::report_products_sold was processed [] []
[2023-05-11T14:16:03.354363+00:00] main.INFO: Add of item with id Magento_Reports::report_products_viewed was processed [] []
[2023-05-11T14:16:03.356484+00:00] main.INFO: Add of item with id Magento_Reports::report_products_lowstock was processed [] []
[2023-05-11T14:16:03.358557+00:00] main.INFO: Add of item with id Magento_Reports::report_customers was processed [] []
[2023-05-11T14:16:03.361525+00:00] main.INFO: Add of item with id Magento_Reports::report_customers_accounts was processed [] []
[2023-05-11T14:16:03.364739+00:00] main.INFO: Add of item with id Magento_Reports::report_customers_totals was processed [] []
[2023-05-11T14:16:03.369807+00:00] main.INFO: Add of item with id Magento_Reports::report_customers_orders was processed [] []
[2023-05-11T14:16:03.372534+00:00] main.INFO: Add of item with id Magento_Reports::report_statistics was processed [] []
[2023-05-11T14:16:03.375293+00:00] main.INFO: Add of item with id Magento_Reports::report_statistics_refresh was processed [] []
[2023-05-11T14:16:03.377691+00:00] main.INFO: Add of item with id Magento_Search::report_search_term was processed [] []
[2023-05-11T14:16:03.379767+00:00] main.INFO: Add of item with id Magento_LoginAsCustomerLog::login_log was processed [] []
[2023-05-11T14:16:03.381813+00:00] main.INFO: Add of item with id Magento_Marketplace::partners was processed [] []
[2023-05-11T14:16:03.384747+00:00] main.INFO: Add of item with id Magento_Newsletter::newsletter_template was processed [] []
[2023-05-11T14:16:03.386898+00:00] main.INFO: Add of item with id Magento_Newsletter::newsletter_queue was processed [] []
[2023-05-11T14:16:03.388908+00:00] main.INFO: Add of item with id Magento_Newsletter::newsletter_subscriber was processed [] []
[2023-05-11T14:16:03.390906+00:00] main.INFO: Add of item with id Magento_Newsletter::newsletter_problem was processed [] []
[2023-05-11T14:16:03.393550+00:00] main.INFO: Add of item with id Magento_SalesRule::promo_quote was processed [] []
[2023-05-11T14:16:03.395585+00:00] main.INFO: Add of item with id Magento_Sitemap::catalog_sitemap was processed [] []
[2023-05-11T14:16:03.397565+00:00] main.INFO: Add of item with id Magento_PageBuilder::templates was processed [] []
[2023-05-11T14:16:03.399569+00:00] main.INFO: Add of item with id Magento_Paypal::report_salesroot_paypal_settlement_reports was processed [] []
[2023-05-11T14:16:03.402439+00:00] main.INFO: Add of item with id Magento_Paypal::paypal_billing_agreement was processed [] []
[2023-05-11T14:16:03.404729+00:00] main.INFO: Add of item with id Magento_CheckoutAgreements::sales_checkoutagreement was processed [] []
[2023-05-11T14:16:03.406827+00:00] main.INFO: Add of item with id Magento_Review::catalog_reviews_ratings_ratings was processed [] []
[2023-05-11T14:16:03.409641+00:00] main.INFO: Add of item with id Magento_Review::catalog_reviews_ratings_pending was processed [] []
[2023-05-11T14:16:03.411743+00:00] main.INFO: Add of item with id Magento_Review::catalog_reviews_ratings_reviews_all was processed [] []
[2023-05-11T14:16:03.414039+00:00] main.INFO: Add of item with id Magento_Review::report_review was processed [] []
[2023-05-11T14:16:03.416223+00:00] main.INFO: Add of item with id Magento_Review::report_review_customer was processed [] []
[2023-05-11T14:16:03.420441+00:00] main.INFO: Add of item with id Magento_Review::report_review_product was processed [] []
[2023-05-11T14:16:03.422588+00:00] main.INFO: Add of item with id Magento_UrlRewrite::urlrewrite was processed [] []
[2023-05-11T14:16:03.425160+00:00] main.INFO: Add of item with id Magento_Tax::sales_tax was processed [] []
[2023-05-11T14:16:03.427226+00:00] main.INFO: Add of item with id Magento_Tax::sales_tax_rules was processed [] []
[2023-05-11T14:16:03.431112+00:00] main.INFO: Add of item with id Magento_Tax::sales_tax_rates was processed [] []
[2023-05-11T14:16:03.434009+00:00] main.INFO: Add of item with id Magento_TaxImportExport::system_convert_tax was processed [] []
[2023-05-11T14:16:03.437950+00:00] main.INFO: Add of item with id Magento_AsynchronousOperations::system_magento_logging was processed [] []
[2023-05-11T14:16:03.440812+00:00] main.INFO: Add of item with id Magento_AsynchronousOperations::system_magento_logging_bulk_operations was processed [] []
[2023-05-11T14:16:03.443039+00:00] main.INFO: Add of item with id Magento_CurrencySymbol::system_currency was processed [] []
[2023-05-11T14:16:03.445429+00:00] main.INFO: Add of item with id Magento_CurrencySymbol::system_currency_rates was processed [] []
[2023-05-11T14:16:03.447534+00:00] main.INFO: Add of item with id Magento_CurrencySymbol::system_currency_symbols was processed [] []
[2023-05-11T14:16:03.449659+00:00] main.INFO: Add of item with id PayPal_Braintree::settlement_report was processed [] []
[2023-05-11T14:16:03.452740+00:00] main.INFO: Add of item with id PayPal_Braintree::virtual_terminal was processed [] []
